Build started 21.01.2016 23:17:31.
     1>Project "c:\Users\Андрей\documents\visual studio 2013\Projects\Наследование2\Наследование2\Наследование2.vcxproj" on node 2 (Build target(s)).
     1>ClCompile:
         E:\Visual Studio\VC\bin\CL.exe /c /ZI /nologo /W3 /WX- /sdl /Od /Oy- /D WIN32 /D _DEBUG /D _CONSOLE /D _LIB /D _UNICODE /D UNICODE /Gm /EHsc /RTC1 /MDd /GS /fp:precise /Zc:wchar_t /Zc:forScope /Fo"Debug\\" /Fd"Debug\vc120.pdb" /Gd /TP /analyze- /errorReport:prompt Accountcpp.cpp Maincpp.cpp
         Accountcpp.cpp
     1>c:\users\андрей\documents\visual studio 2013\projects\наследование2\наследование2\account.h(45): warning C4018: '<=' : signed/unsigned mismatch
     1>c:\users\андрей\documents\visual studio 2013\projects\наследование2\наследование2\account.h(69): warning C4244: 'argument' : conversion from 'double' to 'ui', possible loss of data
         Generating Code...
         Compiling...
         Maincpp.cpp
     1>c:\users\андрей\documents\visual studio 2013\projects\наследование2\наследование2\account.h(45): warning C4018: '<=' : signed/unsigned mismatch
     1>c:\users\андрей\documents\visual studio 2013\projects\наследование2\наследование2\account.h(69): warning C4244: 'argument' : conversion from 'double' to 'ui', possible loss of data
         Generating Code...
       Link:
         E:\Visual Studio\VC\bin\link.exe /ERRORREPORT:PROMPT /OUT:"c:\users\андрей\documents\visual studio 2013\Projects\Наследование2\Debug\Наследование2.exe" /INCREMENTAL /NOLOGO kernel32.lib user32.lib gdi32.lib winspool.lib comdlg32.lib advapi32.lib shell32.lib ole32.lib oleaut32.lib uuid.lib odbc32.lib odbccp32.lib /MANIFEST /MANIFESTUAC:"level='asInvoker' uiAccess='false'" /manifest:embed /DEBUG /PDB:"c:\users\андрей\documents\visual studio 2013\Projects\Наследование2\Debug\Наследование2.pdb" /SUBSYSTEM:CONSOLE /TLBID:1 /DYNAMICBASE /NXCOMPAT /IMPLIB:"c:\users\андрей\documents\visual studio 2013\Projects\Наследование2\Debug\Наследование2.lib" /MACHINE:X86 Debug\Accountcpp.obj
         Debug\Maincpp.obj
         Наследование2.vcxproj -> c:\users\андрей\documents\visual studio 2013\Projects\Наследование2\Debug\Наследование2.exe
     1>Done Building Project "c:\Users\Андрей\documents\visual studio 2013\Projects\Наследование2\Наследование2\Наследование2.vcxproj" (Build target(s)).

Build succeeded.

Time Elapsed 00:00:00.78
