Build started 13.01.2016 16:56:50.
     1>Project "H:\ \Программирование на C++\Преподователь № 3\ДЗ№14(Задание на каникулы)\Snake_EX\Snake_EX.vcxproj" on node 2 (Build target(s)).
     1>ClCompile:
         E:\Visual Studio\VC\bin\CL.exe /c /ZI /nologo /W3 /WX- /sdl /Od /Oy- /D WIN32 /D _DEBUG /D _CONSOLE /D _LIB /D _UNICODE /D UNICODE /Gm /EHsc /RTC1 /MDd /GS /fp:precise /Zc:wchar_t /Zc:forScope /Fo"Debug\\" /Fd"Debug\vc120.pdb" /Gd /TP /analyze- /errorReport:prompt Snake_cl_EX.cpp Snake_EX.cpp
         Snake_EX.cpp
     1>h:\ \программирование на c++\преподователь № 3\дз№14(задание на каникулы)\snake_ex\snake_ex.cpp(97): warning C4309: 'initializing' : truncation of constant value
     1>h:\ \программирование на c++\преподователь № 3\дз№14(задание на каникулы)\snake_ex\snake_ex.cpp(526): warning C4018: '<' : signed/unsigned mismatch
     1>h:\ \программирование на c++\преподователь № 3\дз№14(задание на каникулы)\snake_ex\snake_ex.cpp(625): warning C4244: 'argument' : conversion from 'time_t' to 'unsigned int', possible loss of data
     1>h:\ \программирование на c++\преподователь № 3\дз№14(задание на каникулы)\snake_ex\snake_ex.cpp(767): warning C4552: '%' : operator has no effect; expected operator with side-effect
     1>h:\ \программирование на c++\преподователь № 3\дз№14(задание на каникулы)\snake_ex\snake_ex.cpp(1015): warning C4553: '==' : operator has no effect; did you intend '='?
     1>h:\ \программирование на c++\преподователь № 3\дз№14(задание на каникулы)\snake_ex\snake_ex.cpp(1025): warning C4553: '==' : operator has no effect; did you intend '='?
     1>h:\ \программирование на c++\преподователь № 3\дз№14(задание на каникулы)\snake_ex\snake_ex.cpp(1034): warning C4553: '==' : operator has no effect; did you intend '='?
     1>h:\ \программирование на c++\преподователь № 3\дз№14(задание на каникулы)\snake_ex\snake_ex.cpp(1245): warning C4552: '/' : operator has no effect; expected operator with side-effect
         Snake_cl_EX.cpp
         Generating Code...
       Link:
         E:\Visual Studio\VC\bin\link.exe /ERRORREPORT:PROMPT /OUT:"H:\ \Программирование на C++\Преподователь № 3\ДЗ№14(Задание на каникулы)\Debug\Snake_EX.exe" /INCREMENTAL /NOLOGO kernel32.lib user32.lib gdi32.lib winspool.lib comdlg32.lib advapi32.lib shell32.lib ole32.lib oleaut32.lib uuid.lib odbc32.lib odbccp32.lib /MANIFEST /MANIFESTUAC:"level='asInvoker' uiAccess='false'" /manifest:embed /DEBUG /PDB:"H:\ \Программирование на C++\Преподователь № 3\ДЗ№14(Задание на каникулы)\Debug\Snake_EX.pdb" /SUBSYSTEM:CONSOLE /TLBID:1 /DYNAMICBASE /NXCOMPAT /IMPLIB:"H:\ \Программирование на C++\Преподователь № 3\ДЗ№14(Задание на каникулы)\Debug\Snake_EX.lib" /MACHINE:X86 Debug\Snake_cl_EX.obj
         Debug\Snake_EX.obj
         Snake_EX.vcxproj -> H:\ \Программирование на C++\Преподователь № 3\ДЗ№14(Задание на каникулы)\Debug\Snake_EX.exe
     1>Done Building Project "H:\ \Программирование на C++\Преподователь № 3\ДЗ№14(Задание на каникулы)\Snake_EX\Snake_EX.vcxproj" (Build target(s)).

Build succeeded.

Time Elapsed 00:00:02.99
