Build started 21.12.2015 21:46:13.
     1>Project "H:\ \Программирование на C++\Преподователь № 3\ДЗ№7\Strings\Strings.vcxproj" on node 2 (Build target(s)).
     1>ClCompile:
         E:\Visual Studio\VC\bin\CL.exe /c /ZI /nologo /W3 /WX- /sdl /Od /Oy- /D WIN32 /D _DEBUG /D _CONSOLE /D _LIB /D _UNICODE /D UNICODE /Gm /EHsc /RTC1 /MDd /GS /fp:precise /Zc:wchar_t /Zc:forScope /Fo"Debug\\" /Fd"Debug\vc120.pdb" /Gd /TP /analyze- /errorReport:prompt Main.cpp String.cpp
         String.cpp
     1>h:\ \программирование на c++\преподователь № 3\дз№7\strings\string.cpp(70): warning C4800: 'char *const ' : forcing value to bool 'true' or 'false' (performance warning)
     1>h:\ \программирование на c++\преподователь № 3\дз№7\strings\string.cpp(74): warning C4800: 'char *const ' : forcing value to bool 'true' or 'false' (performance warning)
     1>h:\ \программирование на c++\преподователь № 3\дз№7\strings\string.cpp(78): warning C4800: 'char *const ' : forcing value to bool 'true' or 'false' (performance warning)
     1>h:\ \программирование на c++\преподователь № 3\дз№7\strings\string.cpp(82): warning C4800: 'char *const ' : forcing value to bool 'true' or 'false' (performance warning)
     1>h:\ \программирование на c++\преподователь № 3\дз№7\strings\string.cpp(86): warning C4800: 'char *const ' : forcing value to bool 'true' or 'false' (performance warning)
     1>h:\ \программирование на c++\преподователь № 3\дз№7\strings\string.cpp(90): warning C4800: 'char *const ' : forcing value to bool 'true' or 'false' (performance warning)
     1>h:\ \программирование на c++\преподователь № 3\дз№7\strings\string.cpp(119): warning C4018: '<' : signed/unsigned mismatch
     1>h:\ \программирование на c++\преподователь № 3\дз№7\strings\string.cpp(252): warning C4800: 'int' : forcing value to bool 'true' or 'false' (performance warning)
     1>h:\ \программирование на c++\преподователь № 3\дз№7\strings\string.cpp(258): warning C4800: 'int' : forcing value to bool 'true' or 'false' (performance warning)
     1>h:\ \программирование на c++\преподователь № 3\дз№7\strings\string.cpp(260): warning C4800: 'int' : forcing value to bool 'true' or 'false' (performance warning)
     1>h:\ \программирование на c++\преподователь № 3\дз№7\strings\string.cpp(264): warning C4800: 'int' : forcing value to bool 'true' or 'false' (performance warning)
     1>h:\ \программирование на c++\преподователь № 3\дз№7\strings\string.cpp(270): warning C4800: 'int' : forcing value to bool 'true' or 'false' (performance warning)
     1>h:\ \программирование на c++\преподователь № 3\дз№7\strings\string.cpp(272): warning C4800: 'int' : forcing value to bool 'true' or 'false' (performance warning)
     1>h:\ \программирование на c++\преподователь № 3\дз№7\strings\string.cpp(287): warning C4018: '>' : signed/unsigned mismatch
     1>h:\ \программирование на c++\преподователь № 3\дз№7\strings\string.cpp(303): warning C4018: '>' : signed/unsigned mismatch
     1>h:\ \программирование на c++\преподователь № 3\дз№7\strings\string.cpp(330): warning C4018: '>' : signed/unsigned mismatch
     1>h:\ \программирование на c++\преподователь № 3\дз№7\strings\string.cpp(355): warning C4018: '>' : signed/unsigned mismatch
     1>h:\ \программирование на c++\преподователь № 3\дз№7\strings\string.cpp(413): warning C4800: 'int' : forcing value to bool 'true' or 'false' (performance warning)
     1>h:\ \программирование на c++\преподователь № 3\дз№7\strings\string.cpp(419): warning C4800: 'int' : forcing value to bool 'true' or 'false' (performance warning)
     1>h:\ \программирование на c++\преподователь № 3\дз№7\strings\string.cpp(421): warning C4800: 'int' : forcing value to bool 'true' or 'false' (performance warning)
         Generating Code...
     1>h:\ \программирование на c++\преподователь № 3\дз№7\strings\string.cpp(241): warning C4717: 'String::CompareTo' : recursive on all control paths, function will cause runtime stack overflow
     1>h:\ \программирование на c++\преподователь № 3\дз№7\strings\string.cpp(312): warning C4717: 'Insert' : recursive on all control paths, function will cause runtime stack overflow
     1>h:\ \программирование на c++\преподователь № 3\дз№7\strings\string.cpp(308): warning C4717: 'String::Insert' : recursive on all control paths, function will cause runtime stack overflow
         Skipping... (no relevant changes detected)
         Main.cpp
       Link:
         E:\Visual Studio\VC\bin\link.exe /ERRORREPORT:PROMPT /OUT:"H:\ \Программирование на C++\Преподователь № 3\ДЗ№7\Debug\Strings.exe" /INCREMENTAL /NOLOGO kernel32.lib user32.lib gdi32.lib winspool.lib comdlg32.lib advapi32.lib shell32.lib ole32.lib oleaut32.lib uuid.lib odbc32.lib odbccp32.lib /MANIFEST /MANIFESTUAC:"level='asInvoker' uiAccess='false'" /manifest:embed /DEBUG /PDB:"H:\ \Программирование на C++\Преподователь № 3\ДЗ№7\Debug\Strings.pdb" /SUBSYSTEM:CONSOLE /TLBID:1 /DYNAMICBASE /NXCOMPAT /IMPLIB:"H:\ \Программирование на C++\Преподователь № 3\ДЗ№7\Debug\Strings.lib" /MACHINE:X86 Debug\Main.obj
         Debug\String.obj
         Strings.vcxproj -> H:\ \Программирование на C++\Преподователь № 3\ДЗ№7\Debug\Strings.exe
     1>Done Building Project "H:\ \Программирование на C++\Преподователь № 3\ДЗ№7\Strings\Strings.vcxproj" (Build target(s)).

Build succeeded.

Time Elapsed 00:00:03.19
