Build started 21.12.2015 22:09:15.
     1>Project "H:\ \Программирование на C++\Преподователь № 3\ДЗ№8\Array\Array.vcxproj" on node 2 (Build target(s)).
     1>ClCompile:
         E:\Visual Studio\VC\bin\CL.exe /c /ZI /nologo /W3 /WX- /sdl /Od /Oy- /D WIN32 /D _DEBUG /D _CONSOLE /D _LIB /D _UNICODE /D UNICODE /Gm /EHsc /RTC1 /MDd /GS /fp:precise /Zc:wchar_t /Zc:forScope /Fo"Debug\\" /Fd"Debug\vc120.pdb" /Gd /TP /analyze- /errorReport:prompt Array.cpp Arraypp.cpp
         Arraypp.cpp
         Array.cpp
     1>h:\ \программирование на c++\преподователь № 3\дз№8\array\array.cpp(12): warning C4018: '<' : signed/unsigned mismatch
     1>h:\ \программирование на c++\преподователь № 3\дз№8\array\array.cpp(25): warning C4018: '<' : signed/unsigned mismatch
     1>h:\ \программирование на c++\преподователь № 3\дз№8\array\array.cpp(91): warning C4018: '<' : signed/unsigned mismatch
     1>h:\ \программирование на c++\преподователь № 3\дз№8\array\array.cpp(96): warning C4018: '<' : signed/unsigned mismatch
     1>h:\ \программирование на c++\преподователь № 3\дз№8\array\array.cpp(104): warning C4018: '<' : signed/unsigned mismatch
     1>h:\ \программирование на c++\преподователь № 3\дз№8\array\array.cpp(114): warning C4018: '<' : signed/unsigned mismatch
     1>h:\ \программирование на c++\преподователь № 3\дз№8\array\array.cpp(122): warning C4018: '<' : signed/unsigned mismatch
     1>h:\ \программирование на c++\преподователь № 3\дз№8\array\array.cpp(137): warning C4018: '<' : signed/unsigned mismatch
     1>h:\ \программирование на c++\преподователь № 3\дз№8\array\array.cpp(150): warning C4018: '<' : signed/unsigned mismatch
     1>h:\ \программирование на c++\преподователь № 3\дз№8\array\array.cpp(163): warning C4018: '>' : signed/unsigned mismatch
         Generating Code...
     1>h:\ \программирование на c++\преподователь № 3\дз№8\array\array.cpp(166): warning C4715: 'Array::operator[]' : not all control paths return a value
       Link:
         E:\Visual Studio\VC\bin\link.exe /ERRORREPORT:PROMPT /OUT:"H:\ \Программирование на C++\Преподователь № 3\ДЗ№8\Debug\Array.exe" /INCREMENTAL /NOLOGO kernel32.lib user32.lib gdi32.lib winspool.lib comdlg32.lib advapi32.lib shell32.lib ole32.lib oleaut32.lib uuid.lib odbc32.lib odbccp32.lib /MANIFEST /MANIFESTUAC:"level='asInvoker' uiAccess='false'" /manifest:embed /DEBUG /PDB:"H:\ \Программирование на C++\Преподователь № 3\ДЗ№8\Debug\Array.pdb" /SUBSYSTEM:CONSOLE /TLBID:1 /DYNAMICBASE /NXCOMPAT /IMPLIB:"H:\ \Программирование на C++\Преподователь № 3\ДЗ№8\Debug\Array.lib" /MACHINE:X86 Debug\Array.obj
         Debug\Arraypp.obj
         Array.vcxproj -> H:\ \Программирование на C++\Преподователь № 3\ДЗ№8\Debug\Array.exe
     1>Done Building Project "H:\ \Программирование на C++\Преподователь № 3\ДЗ№8\Array\Array.vcxproj" (Build target(s)).

Build succeeded.

Time Elapsed 00:00:03.17
