c:\users\андрей\documents\visual studio 2013\projects\наследование\наследование\debug\vc120.pdb
c:\users\андрей\documents\visual studio 2013\projects\наследование\наследование\debug\vc120.idb
c:\users\андрей\documents\visual studio 2013\projects\наследование\наследование\debug\main.obj
h:\ \программирование на c++\преподователь № 3\дз№22\наследование фигур(с абстрактными классами)\наследование\debug\vc120.pdb
h:\ \программирование на c++\преподователь № 3\дз№22\наследование фигур(с абстрактными классами)\наследование\debug\vc120.idb
h:\ \программирование на c++\преподователь № 3\дз№22\наследование фигур(с абстрактными классами)\наследование\debug\main.obj
e:\ \программирование на c++\преподователь № 3\дз№22\наследование фигур(с абстрактными классами)\наследование\debug\vc120.pdb
e:\ \программирование на c++\преподователь № 3\дз№22\наследование фигур(с абстрактными классами)\наследование\debug\vc120.idb
c:\users\андрей\documents\visual studio 2013\projects\наследование\debug\наследование.ilk
c:\users\андрей\documents\visual studio 2013\projects\наследование\debug\наследование.exe
c:\users\андрей\documents\visual studio 2013\projects\наследование\debug\наследование.pdb
h:\ \программирование на c++\преподователь № 3\дз№22\наследование фигур(с абстрактными классами)\debug\наследование.ilk
h:\ \программирование на c++\преподователь № 3\дз№22\наследование фигур(с абстрактными классами)\debug\наследование.exe
h:\ \программирование на c++\преподователь № 3\дз№22\наследование фигур(с абстрактными классами)\debug\наследование.pdb
e:\ \программирование на c++\преподователь № 3\дз№22\наследование фигур(с абстрактными классами)\debug\наследование.pdb
e:\ \программирование на c++\преподователь № 3\дз№22\наследование фигур(с абстрактными классами)\debug\наследование.exe
e:\ \программирование на c++\преподователь № 3\дз№22\наследование фигур(с абстрактными классами)\debug\наследование.ilk
e:\ \программирование на c++\преподователь № 3\дз№22\наследование фигур(с абстрактными классами)\наследование\debug\наследование.tlog\cl.command.1.tlog
e:\ \программирование на c++\преподователь № 3\дз№22\наследование фигур(с абстрактными классами)\наследование\debug\наследование.tlog\cl.read.1.tlog
e:\ \программирование на c++\преподователь № 3\дз№22\наследование фигур(с абстрактными классами)\наследование\debug\наследование.tlog\cl.write.1.tlog
e:\ \программирование на c++\преподователь № 3\дз№22\наследование фигур(с абстрактными классами)\наследование\debug\наследование.tlog\link.command.1.tlog
e:\ \программирование на c++\преподователь № 3\дз№22\наследование фигур(с абстрактными классами)\наследование\debug\наследование.tlog\link.read.1.tlog
e:\ \программирование на c++\преподователь № 3\дз№22\наследование фигур(с абстрактными классами)\наследование\debug\наследование.tlog\link.write.1.tlog
